This is pdfTeX, Version 3.14159265-2.6-1.40.18 (TeX Live 2017) (preloaded format=pdflatex 2017.5.23)  19 FEB 2018 23:20
entering extended mode
 restricted \write18 enabled.
 %&-line parsing enabled.
**Shiny_App_Sweave.tex
(./Shiny_App_Sweave.tex
LaTeX2e <2017-04-15>
Babel <3.10> and hyphenation patterns for 84 language(s) loaded.
(/usr/local/texlive/2017/texmf-dist/tex/latex/base/article.cls
Document Class: article 2014/09/29 v1.4h Standard LaTeX document class
(/usr/local/texlive/2017/texmf-dist/tex/latex/base/size10.clo
File: size10.clo 2014/09/29 v1.4h Standard LaTeX file (size option)
)
\c@part=\count79
\c@section=\count80
\c@subsection=\count81
\c@subsubsection=\count82
\c@paragraph=\count83
\c@subparagraph=\count84
\c@figure=\count85
\c@table=\count86
\abovecaptionskip=\skip41
\belowcaptionskip=\skip42
\bibindent=\dimen102
)
(/usr/local/texlive/2017/texmf-dist/tex/latex/geometry/geometry.sty
Package: geometry 2010/09/12 v5.6 Page Geometry

(/usr/local/texlive/2017/texmf-dist/tex/latex/graphics/keyval.sty
Package: keyval 2014/10/28 v1.15 key=value parser (DPC)
\KV@toks@=\toks14
)
(/usr/local/texlive/2017/texmf-dist/tex/generic/oberdiek/ifpdf.sty
Package: ifpdf 2017/03/15 v3.2 Provides the ifpdf switch
)
(/usr/local/texlive/2017/texmf-dist/tex/generic/oberdiek/ifvtex.sty
Package: ifvtex 2016/05/16 v1.6 Detect VTeX and its facilities (HO)
Package ifvtex Info: VTeX not detected.
)
(/usr/local/texlive/2017/texmf-dist/tex/generic/ifxetex/ifxetex.sty
Package: ifxetex 2010/09/12 v0.6 Provides ifxetex conditional
)
\Gm@cnth=\count87
\Gm@cntv=\count88
\c@Gm@tempcnt=\count89
\Gm@bindingoffset=\dimen103
\Gm@wd@mp=\dimen104
\Gm@odd@mp=\dimen105
\Gm@even@mp=\dimen106
\Gm@layoutwidth=\dimen107
\Gm@layoutheight=\dimen108
\Gm@layouthoffset=\dimen109
\Gm@layoutvoffset=\dimen110
\Gm@dimlist=\toks15
)
(/usr/local/texlive/2017/texmf-dist/tex/latex/amsmath/amsmath.sty
Package: amsmath 2016/11/05 v2.16a AMS math features
\@mathmargin=\skip43

For additional information on amsmath, use the `?' option.
(/usr/local/texlive/2017/texmf-dist/tex/latex/amsmath/amstext.sty
Package: amstext 2000/06/29 v2.01 AMS text

(/usr/local/texlive/2017/texmf-dist/tex/latex/amsmath/amsgen.sty
File: amsgen.sty 1999/11/30 v2.0 generic functions
\@emptytoks=\toks16
\ex@=\dimen111
))
(/usr/local/texlive/2017/texmf-dist/tex/latex/amsmath/amsbsy.sty
Package: amsbsy 1999/11/29 v1.2d Bold Symbols
\pmbraise@=\dimen112
)
(/usr/local/texlive/2017/texmf-dist/tex/latex/amsmath/amsopn.sty
Package: amsopn 2016/03/08 v2.02 operator names
)
\inf@bad=\count90
LaTeX Info: Redefining \frac on input line 213.
\uproot@=\count91
\leftroot@=\count92
LaTeX Info: Redefining \overline on input line 375.
\classnum@=\count93
\DOTSCASE@=\count94
LaTeX Info: Redefining \ldots on input line 472.
LaTeX Info: Redefining \dots on input line 475.
LaTeX Info: Redefining \cdots on input line 596.
\Mathstrutbox@=\box26
\strutbox@=\box27
\big@size=\dimen113
LaTeX Font Info:    Redeclaring font encoding OML on input line 712.
LaTeX Font Info:    Redeclaring font encoding OMS on input line 713.
\macc@depth=\count95
\c@MaxMatrixCols=\count96
\dotsspace@=\muskip10
\c@parentequation=\count97
\dspbrk@lvl=\count98
\tag@help=\toks17
\row@=\count99
\column@=\count100
\maxfields@=\count101
\andhelp@=\toks18
\eqnshift@=\dimen114
\alignsep@=\dimen115
\tagshift@=\dimen116
\tagwidth@=\dimen117
\totwidth@=\dimen118
\lineht@=\dimen119
\@envbody=\toks19
\multlinegap=\skip44
\multlinetaggap=\skip45
\mathdisplay@stack=\toks20
LaTeX Info: Redefining \[ on input line 2817.
LaTeX Info: Redefining \] on input line 2818.
)
(/usr/local/texlive/2017/texmf-dist/tex/latex/amsfonts/amsfonts.sty
Package: amsfonts 2013/01/14 v3.01 Basic AMSFonts support
\symAMSa=\mathgroup4
\symAMSb=\mathgroup5
LaTeX Font Info:    Overwriting math alphabet `\mathfrak' in version `bold'
(Font)                  U/euf/m/n --> U/euf/b/n on input line 106.
)
(/usr/local/texlive/2017/texmf-dist/tex/latex/amsfonts/amssymb.sty
Package: amssymb 2013/01/14 v3.01 AMS font symbols
)
(/usr/local/texlive/2017/texmf-dist/tex/latex/graphics/graphicx.sty
Package: graphicx 2014/10/28 v1.0g Enhanced LaTeX Graphics (DPC,SPQR)

(/usr/local/texlive/2017/texmf-dist/tex/latex/graphics/graphics.sty
Package: graphics 2017/04/14 v1.1b Standard LaTeX Graphics (DPC,SPQR)

(/usr/local/texlive/2017/texmf-dist/tex/latex/graphics/trig.sty
Package: trig 2016/01/03 v1.10 sin cos tan (DPC)
)
(/usr/local/texlive/2017/texmf-dist/tex/latex/graphics-cfg/graphics.cfg
File: graphics.cfg 2016/06/04 v1.11 sample graphics configuration
)
Package graphics Info: Driver file: pdftex.def on input line 99.

(/usr/local/texlive/2017/texmf-dist/tex/latex/graphics-def/pdftex.def
File: pdftex.def 2017/01/12 v0.06k Graphics/color for pdfTeX

(/usr/local/texlive/2017/texmf-dist/tex/generic/oberdiek/infwarerr.sty
Package: infwarerr 2016/05/16 v1.4 Providing info/warning/error messages (HO)
)
(/usr/local/texlive/2017/texmf-dist/tex/generic/oberdiek/ltxcmds.sty
Package: ltxcmds 2016/05/16 v1.23 LaTeX kernel commands for general use (HO)
)
\Gread@gobject=\count102
))
\Gin@req@height=\dimen120
\Gin@req@width=\dimen121
)
(/usr/local/texlive/2017/texmf-dist/tex/latex/hyperref/hyperref.sty
Package: hyperref 2017/03/14 v6.85a Hypertext links for LaTeX

(/usr/local/texlive/2017/texmf-dist/tex/generic/oberdiek/hobsub-hyperref.sty
Package: hobsub-hyperref 2016/05/16 v1.14 Bundle oberdiek, subset hyperref (HO)


(/usr/local/texlive/2017/texmf-dist/tex/generic/oberdiek/hobsub-generic.sty
Package: hobsub-generic 2016/05/16 v1.14 Bundle oberdiek, subset generic (HO)
Package: hobsub 2016/05/16 v1.14 Construct package bundles (HO)
Package hobsub Info: Skipping package `infwarerr' (already loaded).
Package hobsub Info: Skipping package `ltxcmds' (already loaded).
Package: ifluatex 2016/05/16 v1.4 Provides the ifluatex switch (HO)
Package ifluatex Info: LuaTeX not detected.
Package hobsub Info: Skipping package `ifvtex' (already loaded).
Package: intcalc 2016/05/16 v1.2 Expandable calculations with integers (HO)
Package hobsub Info: Skipping package `ifpdf' (already loaded).
Package: etexcmds 2016/05/16 v1.6 Avoid name clashes with e-TeX commands (HO)
Package etexcmds Info: Could not find \expanded.
(etexcmds)             That can mean that you are not using pdfTeX 1.50 or
(etexcmds)             that some package has redefined \expanded.
(etexcmds)             In the latter case, load this package earlier.
Package: kvsetkeys 2016/05/16 v1.17 Key value parser (HO)
Package: kvdefinekeys 2016/05/16 v1.4 Define keys (HO)
Package: pdftexcmds 2017/03/19 v0.25 Utility functions of pdfTeX for LuaTeX (HO
)
Package pdftexcmds Info: LuaTeX not detected.
Package pdftexcmds Info: \pdf@primitive is available.
Package pdftexcmds Info: \pdf@ifprimitive is available.
Package pdftexcmds Info: \pdfdraftmode found.
Package: pdfescape 2016/05/16 v1.14 Implements pdfTeX's escape features (HO)
Package: bigintcalc 2016/05/16 v1.4 Expandable calculations on big integers (HO
)
Package: bitset 2016/05/16 v1.2 Handle bit-vector datatype (HO)
Package: uniquecounter 2016/05/16 v1.3 Provide unlimited unique counter (HO)
)
Package hobsub Info: Skipping package `hobsub' (already loaded).
Package: letltxmacro 2016/05/16 v1.5 Let assignment for LaTeX macros (HO)
Package: hopatch 2016/05/16 v1.3 Wrapper for package hooks (HO)
Package: xcolor-patch 2016/05/16 xcolor patch
Package: atveryend 2016/05/16 v1.9 Hooks at the very end of document (HO)
Package atveryend Info: \enddocument detected (standard20110627).
Package: atbegshi 2016/06/09 v1.18 At begin shipout hook (HO)
Package: refcount 2016/05/16 v3.5 Data extraction from label references (HO)
Package: hycolor 2016/05/16 v1.8 Color options for hyperref/bookmark (HO)
)
(/usr/local/texlive/2017/texmf-dist/tex/latex/oberdiek/auxhook.sty
Package: auxhook 2016/05/16 v1.4 Hooks for auxiliary files (HO)
)
(/usr/local/texlive/2017/texmf-dist/tex/latex/oberdiek/kvoptions.sty
Package: kvoptions 2016/05/16 v3.12 Key value format for package options (HO)
)
\@linkdim=\dimen122
\Hy@linkcounter=\count103
\Hy@pagecounter=\count104

(/usr/local/texlive/2017/texmf-dist/tex/latex/hyperref/pd1enc.def
File: pd1enc.def 2017/03/14 v6.85a Hyperref: PDFDocEncoding definition (HO)
)
\Hy@SavedSpaceFactor=\count105

(/usr/local/texlive/2017/texmf-dist/tex/latex/latexconfig/hyperref.cfg
File: hyperref.cfg 2002/06/06 v1.2 hyperref configuration of TeXLive
)
Package hyperref Info: Hyper figures OFF on input line 4498.
Package hyperref Info: Link nesting OFF on input line 4503.
Package hyperref Info: Hyper index ON on input line 4506.
Package hyperref Info: Plain pages OFF on input line 4513.
Package hyperref Info: Backreferencing OFF on input line 4518.
Package hyperref Info: Implicit mode ON; LaTeX internals redefined.
Package hyperref Info: Bookmarks ON on input line 4751.
\c@Hy@tempcnt=\count106

(/usr/local/texlive/2017/texmf-dist/tex/latex/url/url.sty
\Urlmuskip=\muskip11
Package: url 2013/09/16  ver 3.4  Verb mode for urls, etc.
)
LaTeX Info: Redefining \url on input line 5104.
\XeTeXLinkMargin=\dimen123
\Fld@menulength=\count107
\Field@Width=\dimen124
\Fld@charsize=\dimen125
Package hyperref Info: Hyper figures OFF on input line 6358.
Package hyperref Info: Link nesting OFF on input line 6363.
Package hyperref Info: Hyper index ON on input line 6366.
Package hyperref Info: backreferencing OFF on input line 6373.
Package hyperref Info: Link coloring OFF on input line 6378.
Package hyperref Info: Link coloring with OCG OFF on input line 6383.
Package hyperref Info: PDF/A mode OFF on input line 6388.
LaTeX Info: Redefining \ref on input line 6428.
LaTeX Info: Redefining \pageref on input line 6432.
\Hy@abspage=\count108
\c@Item=\count109
\c@Hfootnote=\count110
)

Package hyperref Message: Driver (autodetected): hpdftex.

(/usr/local/texlive/2017/texmf-dist/tex/latex/hyperref/hpdftex.def
File: hpdftex.def 2017/03/14 v6.85a Hyperref driver for pdfTeX
\Fld@listcount=\count111
\c@bookmark@seq@number=\count112

(/usr/local/texlive/2017/texmf-dist/tex/latex/oberdiek/rerunfilecheck.sty
Package: rerunfilecheck 2016/05/16 v1.8 Rerun checks for auxiliary files (HO)
Package uniquecounter Info: New unique counter `rerunfilecheck' on input line 2
82.
)
\Hy@SectionHShift=\skip46
)
(/Library/Frameworks/R.framework/Resources/share/texmf/tex/latex/Sweave.sty
Package: Sweave 

(/usr/local/texlive/2017/texmf-dist/tex/latex/base/ifthen.sty
Package: ifthen 2014/09/29 v1.1c Standard LaTeX ifthen package (DPC)
)
(/usr/local/texlive/2017/texmf-dist/tex/latex/fancyvrb/fancyvrb.sty
Package: fancyvrb 2008/02/07

Style option: `fancyvrb' v2.7a, with DG/SPQR fixes, and firstline=lastline fix 
<2008/02/07> (tvz)
\FV@CodeLineNo=\count113
\FV@InFile=\read1
\FV@TabBox=\box28
\c@FancyVerbLine=\count114
\FV@StepNumber=\count115
\FV@OutFile=\write3
)
(/usr/local/texlive/2017/texmf-dist/tex/latex/base/textcomp.sty
Package: textcomp 2017/04/05 v2.0i Standard LaTeX package
Package textcomp Info: Sub-encoding information:
(textcomp)               5 = only ISO-Adobe without \textcurrency
(textcomp)               4 = 5 + \texteuro
(textcomp)               3 = 4 + \textohm
(textcomp)               2 = 3 + \textestimated + \textcurrency
(textcomp)               1 = TS1 - \textcircled - \t
(textcomp)               0 = TS1 (full)
(textcomp)             Font families with sub-encoding setting implement
(textcomp)             only a restricted character set as indicated.
(textcomp)             Family '?' is the default used for unknown fonts.
(textcomp)             See the documentation for details.
Package textcomp Info: Setting ? sub-encoding to TS1/1 on input line 79.

(/usr/local/texlive/2017/texmf-dist/tex/latex/base/ts1enc.def
File: ts1enc.def 2001/06/05 v3.0e (jk/car/fm) Standard LaTeX file
)
LaTeX Info: Redefining \oldstylenums on input line 334.
Package textcomp Info: Setting cmr sub-encoding to TS1/0 on input line 349.
Package textcomp Info: Setting cmss sub-encoding to TS1/0 on input line 350.
Package textcomp Info: Setting cmtt sub-encoding to TS1/0 on input line 351.
Package textcomp Info: Setting cmvtt sub-encoding to TS1/0 on input line 352.
Package textcomp Info: Setting cmbr sub-encoding to TS1/0 on input line 353.
Package textcomp Info: Setting cmtl sub-encoding to TS1/0 on input line 354.
Package textcomp Info: Setting ccr sub-encoding to TS1/0 on input line 355.
Package textcomp Info: Setting ptm sub-encoding to TS1/4 on input line 356.
Package textcomp Info: Setting pcr sub-encoding to TS1/4 on input line 357.
Package textcomp Info: Setting phv sub-encoding to TS1/4 on input line 358.
Package textcomp Info: Setting ppl sub-encoding to TS1/3 on input line 359.
Package textcomp Info: Setting pag sub-encoding to TS1/4 on input line 360.
Package textcomp Info: Setting pbk sub-encoding to TS1/4 on input line 361.
Package textcomp Info: Setting pnc sub-encoding to TS1/4 on input line 362.
Package textcomp Info: Setting pzc sub-encoding to TS1/4 on input line 363.
Package textcomp Info: Setting bch sub-encoding to TS1/4 on input line 364.
Package textcomp Info: Setting put sub-encoding to TS1/5 on input line 365.
Package textcomp Info: Setting uag sub-encoding to TS1/5 on input line 366.
Package textcomp Info: Setting ugq sub-encoding to TS1/5 on input line 367.
Package textcomp Info: Setting ul8 sub-encoding to TS1/4 on input line 368.
Package textcomp Info: Setting ul9 sub-encoding to TS1/4 on input line 369.
Package textcomp Info: Setting augie sub-encoding to TS1/5 on input line 370.
Package textcomp Info: Setting dayrom sub-encoding to TS1/3 on input line 371.
Package textcomp Info: Setting dayroms sub-encoding to TS1/3 on input line 372.

Package textcomp Info: Setting pxr sub-encoding to TS1/0 on input line 373.
Package textcomp Info: Setting pxss sub-encoding to TS1/0 on input line 374.
Package textcomp Info: Setting pxtt sub-encoding to TS1/0 on input line 375.
Package textcomp Info: Setting txr sub-encoding to TS1/0 on input line 376.
Package textcomp Info: Setting txss sub-encoding to TS1/0 on input line 377.
Package textcomp Info: Setting txtt sub-encoding to TS1/0 on input line 378.
Package textcomp Info: Setting lmr sub-encoding to TS1/0 on input line 379.
Package textcomp Info: Setting lmdh sub-encoding to TS1/0 on input line 380.
Package textcomp Info: Setting lmss sub-encoding to TS1/0 on input line 381.
Package textcomp Info: Setting lmssq sub-encoding to TS1/0 on input line 382.
Package textcomp Info: Setting lmvtt sub-encoding to TS1/0 on input line 383.
Package textcomp Info: Setting lmtt sub-encoding to TS1/0 on input line 384.
Package textcomp Info: Setting qhv sub-encoding to TS1/0 on input line 385.
Package textcomp Info: Setting qag sub-encoding to TS1/0 on input line 386.
Package textcomp Info: Setting qbk sub-encoding to TS1/0 on input line 387.
Package textcomp Info: Setting qcr sub-encoding to TS1/0 on input line 388.
Package textcomp Info: Setting qcs sub-encoding to TS1/0 on input line 389.
Package textcomp Info: Setting qpl sub-encoding to TS1/0 on input line 390.
Package textcomp Info: Setting qtm sub-encoding to TS1/0 on input line 391.
Package textcomp Info: Setting qzc sub-encoding to TS1/0 on input line 392.
Package textcomp Info: Setting qhvc sub-encoding to TS1/0 on input line 393.
Package textcomp Info: Setting futs sub-encoding to TS1/4 on input line 394.
Package textcomp Info: Setting futx sub-encoding to TS1/4 on input line 395.
Package textcomp Info: Setting futj sub-encoding to TS1/4 on input line 396.
Package textcomp Info: Setting hlh sub-encoding to TS1/3 on input line 397.
Package textcomp Info: Setting hls sub-encoding to TS1/3 on input line 398.
Package textcomp Info: Setting hlst sub-encoding to TS1/3 on input line 399.
Package textcomp Info: Setting hlct sub-encoding to TS1/5 on input line 400.
Package textcomp Info: Setting hlx sub-encoding to TS1/5 on input line 401.
Package textcomp Info: Setting hlce sub-encoding to TS1/5 on input line 402.
Package textcomp Info: Setting hlcn sub-encoding to TS1/5 on input line 403.
Package textcomp Info: Setting hlcw sub-encoding to TS1/5 on input line 404.
Package textcomp Info: Setting hlcf sub-encoding to TS1/5 on input line 405.
Package textcomp Info: Setting pplx sub-encoding to TS1/3 on input line 406.
Package textcomp Info: Setting pplj sub-encoding to TS1/3 on input line 407.
Package textcomp Info: Setting ptmx sub-encoding to TS1/4 on input line 408.
Package textcomp Info: Setting ptmj sub-encoding to TS1/4 on input line 409.
)
(/usr/local/texlive/2017/texmf-dist/tex/latex/base/fontenc.sty
Package: fontenc 2017/04/05 v2.0i Standard LaTeX package

(/usr/local/texlive/2017/texmf-dist/tex/latex/base/t1enc.def
File: t1enc.def 2017/04/05 v2.0i Standard LaTeX file
LaTeX Font Info:    Redeclaring font encoding T1 on input line 48.
))
(/usr/local/texlive/2017/texmf-dist/tex/latex/ae/ae.sty
Package: ae 2001/02/12 1.3 Almost European Computer Modern

(/usr/local/texlive/2017/texmf-dist/tex/latex/base/fontenc.sty
Package: fontenc 2017/04/05 v2.0i Standard LaTeX package

(/usr/local/texlive/2017/texmf-dist/tex/latex/base/t1enc.def
File: t1enc.def 2017/04/05 v2.0i Standard LaTeX file
LaTeX Font Info:    Redeclaring font encoding T1 on input line 48.
)
LaTeX Font Info:    Try loading font information for T1+aer on input line 105.

(/usr/local/texlive/2017/texmf-dist/tex/latex/ae/t1aer.fd
File: t1aer.fd 1997/11/16 Font definitions for T1/aer.
))))
(./Shiny_App_Sweave.aux)
\openout1 = `Shiny_App_Sweave.aux'.

LaTeX Font Info:    Checking defaults for OML/cmm/m/it on input line 14.
LaTeX Font Info:    ... okay on input line 14.
LaTeX Font Info:    Checking defaults for T1/cmr/m/n on input line 14.
LaTeX Font Info:    ... okay on input line 14.
LaTeX Font Info:    Checking defaults for OT1/cmr/m/n on input line 14.
LaTeX Font Info:    ... okay on input line 14.
LaTeX Font Info:    Checking defaults for OMS/cmsy/m/n on input line 14.
LaTeX Font Info:    ... okay on input line 14.
LaTeX Font Info:    Checking defaults for OMX/cmex/m/n on input line 14.
LaTeX Font Info:    ... okay on input line 14.
LaTeX Font Info:    Checking defaults for U/cmr/m/n on input line 14.
LaTeX Font Info:    ... okay on input line 14.
LaTeX Font Info:    Checking defaults for PD1/pdf/m/n on input line 14.
LaTeX Font Info:    ... okay on input line 14.
LaTeX Font Info:    Checking defaults for TS1/cmr/m/n on input line 14.
LaTeX Font Info:    Try loading font information for TS1+cmr on input line 14.

(/usr/local/texlive/2017/texmf-dist/tex/latex/base/ts1cmr.fd
File: ts1cmr.fd 2014/09/29 v2.5h Standard LaTeX font definitions
)
LaTeX Font Info:    ... okay on input line 14.

*geometry* driver: auto-detecting
*geometry* detected driver: pdftex
*geometry* verbose mode - [ preamble ] result:
* driver: pdftex
* paper: letterpaper
* layout: <same size as paper>
* layoutoffset:(h,v)=(0.0pt,0.0pt)
* modes: 
* h-part:(L,W,R)=(72.26999pt, 469.75502pt, 72.26999pt)
* v-part:(T,H,B)=(72.26999pt, 650.43001pt, 72.26999pt)
* \paperwidth=614.295pt
* \paperheight=794.96999pt
* \textwidth=469.75502pt
* \textheight=650.43001pt
* \oddsidemargin=0.0pt
* \evensidemargin=0.0pt
* \topmargin=-37.0pt
* \headheight=12.0pt
* \headsep=25.0pt
* \topskip=10.0pt
* \footskip=30.0pt
* \marginparwidth=65.0pt
* \marginparsep=11.0pt
* \columnsep=10.0pt
* \skip\footins=9.0pt plus 4.0pt minus 2.0pt
* \hoffset=0.0pt
* \voffset=0.0pt
* \mag=1000
* \@twocolumnfalse
* \@twosidefalse
* \@mparswitchfalse
* \@reversemarginfalse
* (1in=72.27pt=25.4mm, 1cm=28.453pt)

(/usr/local/texlive/2017/texmf-dist/tex/context/base/mkii/supp-pdf.mkii
[Loading MPS to PDF converter (version 2006.09.02).]
\scratchcounter=\count116
\scratchdimen=\dimen126
\scratchbox=\box29
\nofMPsegments=\count117
\nofMParguments=\count118
\everyMPshowfont=\toks21
\MPscratchCnt=\count119
\MPscratchDim=\dimen127
\MPnumerator=\count120
\makeMPintoPDFobject=\count121
\everyMPtoPDFconversion=\toks22
) (/usr/local/texlive/2017/texmf-dist/tex/latex/oberdiek/epstopdf-base.sty
Package: epstopdf-base 2016/05/15 v2.6 Base part for package epstopdf

(/usr/local/texlive/2017/texmf-dist/tex/latex/oberdiek/grfext.sty
Package: grfext 2016/05/16 v1.2 Manage graphics extensions (HO)
)
Package epstopdf-base Info: Redefining graphics rule for `.eps' on input line 4
38.
Package grfext Info: Graphics extension search list:
(grfext)             [.png,.pdf,.jpg,.mps,.jpeg,.jbig2,.jb2,.PNG,.PDF,.JPG,.JPE
G,.JBIG2,.JB2,.eps]
(grfext)             \AppendGraphicsExtensions on input line 456.

(/usr/local/texlive/2017/texmf-dist/tex/latex/latexconfig/epstopdf-sys.cfg
File: epstopdf-sys.cfg 2010/07/13 v1.3 Configuration of (r)epstopdf for TeX Liv
e
))
\AtBeginShipoutBox=\box30
Package hyperref Info: Link coloring OFF on input line 14.

(/usr/local/texlive/2017/texmf-dist/tex/latex/hyperref/nameref.sty
Package: nameref 2016/05/21 v2.44 Cross-referencing by name of section

(/usr/local/texlive/2017/texmf-dist/tex/generic/oberdiek/gettitlestring.sty
Package: gettitlestring 2016/05/16 v1.5 Cleanup title references (HO)
)
\c@section@level=\count122
)
LaTeX Info: Redefining \ref on input line 14.
LaTeX Info: Redefining \pageref on input line 14.
LaTeX Info: Redefining \nameref on input line 14.

(./Shiny_App_Sweave.out) (./Shiny_App_Sweave.out)
\@outlinefile=\write4
\openout4 = `Shiny_App_Sweave.out'.

LaTeX Font Info:    Try loading font information for U+msa on input line 16.

(/usr/local/texlive/2017/texmf-dist/tex/latex/amsfonts/umsa.fd
File: umsa.fd 2013/01/14 v3.01 AMS symbols A
)
LaTeX Font Info:    Try loading font information for U+msb on input line 16.

(/usr/local/texlive/2017/texmf-dist/tex/latex/amsfonts/umsb.fd
File: umsb.fd 2013/01/14 v3.01 AMS symbols B
)
(./Shiny_App_Sweave-concordance.tex) [1

{/usr/local/texlive/2017/texmf-var/fonts/map/pdftex/updmap/pdftex.map}]
LaTeX Font Info:    Try loading font information for T1+aett on input line 31.

(/usr/local/texlive/2017/texmf-dist/tex/latex/ae/t1aett.fd
File: t1aett.fd 1997/11/16 Font definitions for T1/aett.
)
Overfull \hbox (14.32408pt too wide) in paragraph at lines 31--32
[]$\T1/aett/m/n/10 https : / / www . cnn . com / 2017 / 05 / 09 / politics / bo
rder-[]crossings-[]apprehensions-[]down-[]trump / index . html$[] 
 []


Underfull \hbox (badness 10000) in paragraph at lines 31--32

 []

<./graphs/SummaryPlot.jpeg, id=78, 1491.5725pt x 989.6975pt>
File: ./graphs/SummaryPlot.jpeg Graphic file (type jpg)

<use ./graphs/SummaryPlot.jpeg>
Package pdftex.def Info: ./graphs/SummaryPlot.jpeg used on input line 44.
(pdftex.def)             Requested size: 455.2362pt x 256.06184pt.
 [2 <./graphs/SummaryPlot.jpeg>]
LaTeX Font Info:    Try loading font information for TS1+aett on input line 63.


(/Library/Frameworks/R.framework/Resources/share/texmf/tex/latex/ts1aett.fd
File: ts1aett.fd 
)
LaTeX Font Info:    Try loading font information for TS1+cmtt on input line 63.


(/usr/local/texlive/2017/texmf-dist/tex/latex/base/ts1cmtt.fd
File: ts1cmtt.fd 2014/09/29 v2.5h Standard LaTeX font definitions
)
LaTeX Font Info:    Font shape `TS1/aett/m/sl' in size <10> not available
(Font)              Font shape `TS1/cmtt/m/sl' tried instead on input line 63.
 [3]
Underfull \hbox (badness 10000) in paragraph at lines 113--115

 []

<./graphs/code.jpeg, id=92, 1296.845pt x 419.5675pt>
File: ./graphs/code.jpeg Graphic file (type jpg)
 <use ./graphs/code.jpeg>
Package pdftex.def Info: ./graphs/code.jpeg used on input line 118.
(pdftex.def)             Requested size: 375.80544pt x 121.58182pt.

Underfull \hbox (badness 10000) in paragraph at lines 122--124

 []

<./graphs/Top3.jpeg, id=93, 1883.035pt x 289.08pt>
File: ./graphs/Top3.jpeg Graphic file (type jpg)
 <use ./graphs/Top3.jpeg>
Package pdftex.def Info: ./graphs/Top3.jpeg used on input line 127.
(pdftex.def)             Requested size: 512.13278pt x 85.35725pt.

Overfull \hbox (42.37776pt too wide) in paragraph at lines 127--128
 [][] 
 []

[4 <./graphs/code.jpeg> <./graphs/Top3.jpeg>]
Underfull \hbox (badness 10000) in paragraph at lines 139--140

 []


Underfull \hbox (badness 10000) in paragraph at lines 142--143

 []

<./graphs/BigBend.jpeg, id=100, 1862.96pt x 999.735pt>
File: ./graphs/BigBend.jpeg Graphic file (type jpg)

<use ./graphs/BigBend.jpeg>
Package pdftex.def Info: ./graphs/BigBend.jpeg used on input line 149.
(pdftex.def)             Requested size: 455.22107pt x 256.06552pt.

Underfull \hbox (badness 10000) in paragraph at lines 152--153

 []

<./graphs/BigBendTable.jpeg, id=101, 1760.5775pt x 194.7275pt>
File: ./graphs/BigBendTable.jpeg Graphic file (type jpg)

<use ./graphs/BigBendTable.jpeg>
Package pdftex.def Info: ./graphs/BigBendTable.jpeg used on input line 156.
(pdftex.def)             Requested size: 375.80544pt x 41.56549pt.
 [5 <./graphs/BigBend.jpeg> <./graphs/BigBendTable.jpeg>] <./graphs/DelRio.jpeg
, id=108, 1862.96pt x 1003.75pt>
File: ./graphs/DelRio.jpeg Graphic file (type jpg)

<use ./graphs/DelRio.jpeg>
Package pdftex.def Info: ./graphs/DelRio.jpeg used on input line 166.
(pdftex.def)             Requested size: 455.22107pt x 227.61066pt.

Underfull \hbox (badness 10000) in paragraph at lines 169--170

 []

<./graphs/dRiopic.jpg, id=109, 1284.8pt x 722.7pt>
File: ./graphs/dRiopic.jpg Graphic file (type jpg)
 <use ./graphs/dRiopic.jpg>
Package pdftex.def Info: ./graphs/dRiopic.jpg used on input line 173.
(pdftex.def)             Requested size: 312.96535pt x 113.80379pt.

<./graphs/DelRioTable.jpeg, id=110, 1760.5775pt x 196.735pt>
File: ./graphs/DelRioTable.jpeg Graphic file (type jpg)

<use ./graphs/DelRioTable.jpeg>
Package pdftex.def Info: ./graphs/DelRioTable.jpeg used on input line 179.
(pdftex.def)             Requested size: 375.80544pt x 41.99399pt.
 [6 <./graphs/DelRio.jpeg> <./graphs/dRiopic.jpg> <./graphs/DelRioTable.jpeg>]
<./graphs/ElCentro.jpeg, id=118, 1860.9525pt x 999.735pt>
File: ./graphs/ElCentro.jpeg Graphic file (type jpg)

<use ./graphs/ElCentro.jpeg>
Package pdftex.def Info: ./graphs/ElCentro.jpeg used on input line 189.
(pdftex.def)             Requested size: 455.24165pt x 227.6155pt.

Underfull \hbox (badness 10000) in paragraph at lines 192--193

 []

<./graphs/ElCentropic.jpg, id=119, 1310.8975pt x 396.48125pt>
File: ./graphs/ElCentropic.jpg Graphic file (type jpg)

<use ./graphs/ElCentropic.jpg>
Package pdftex.def Info: ./graphs/ElCentropic.jpg used on input line 196.
(pdftex.def)             Requested size: 312.98161pt x 113.80899pt.

<./graphs/ElCentroTable.jpeg, id=120, 1766.6pt x 180.675pt>
File: ./graphs/ElCentroTable.jpeg Graphic file (type jpg)

<use ./graphs/ElCentroTable.jpeg>
Package pdftex.def Info: ./graphs/ElCentroTable.jpeg used on input line 202.
(pdftex.def)             Requested size: 375.80544pt x 38.43358pt.
 [7 <./graphs/ElCentro.jpeg> <./graphs/ElCentropic.jpg> <./graphs/ElCentroTable
.jpeg>]
<./graphs/ElPaso.jpeg, id=129, 1862.96pt x 997.7275pt>
File: ./graphs/ElPaso.jpeg Graphic file (type jpg)

<use ./graphs/ElPaso.jpeg>
Package pdftex.def Info: ./graphs/ElPaso.jpeg used on input line 212.
(pdftex.def)             Requested size: 455.22107pt x 227.61516pt.

Underfull \hbox (badness 10000) in paragraph at lines 215--216

 []

<./graphs/ElPasopic.jpg, id=130, 3854.4pt x 1927.2pt>
File: ./graphs/ElPasopic.jpg Graphic file (type jpg)

<use ./graphs/ElPasopic.jpg>
Package pdftex.def Info: ./graphs/ElPasopic.jpg used on input line 219.
(pdftex.def)             Requested size: 312.94574pt x 113.80379pt.

<./graphs/ElPasoTable.jpeg, id=131, 1774.63pt x 202.7575pt>
File: ./graphs/ElPasoTable.jpeg Graphic file (type jpg)

<use ./graphs/ElPasoTable.jpeg>
Package pdftex.def Info: ./graphs/ElPasoTable.jpeg used on input line 225.
(pdftex.def)             Requested size: 375.80544pt x 42.93611pt.
 [8 <./graphs/ElPaso.jpeg> <./graphs/ElPasopic.jpg> <./graphs/ElPasoTable.jpeg>
]
<./graphs/Laredo.jpeg, id=139, 1860.9525pt x 999.735pt>
File: ./graphs/Laredo.jpeg Graphic file (type jpg)

<use ./graphs/Laredo.jpeg>
Package pdftex.def Info: ./graphs/Laredo.jpeg used on input line 235.
(pdftex.def)             Requested size: 455.24165pt x 227.6155pt.

Underfull \hbox (badness 10000) in paragraph at lines 238--239

 []

<./graphs/Laredopic.jpg, id=140, 738.76pt x 554.07pt>
File: ./graphs/Laredopic.jpg Graphic file (type jpg)

<use ./graphs/Laredopic.jpg>
Package pdftex.def Info: ./graphs/Laredopic.jpg used on input line 242.
(pdftex.def)             Requested size: 312.98248pt x 113.8049pt.

<./graphs/LaredoTable.jpeg, id=141, 1780.6525pt x 200.75pt>
File: ./graphs/LaredoTable.jpeg Graphic file (type jpg)

<use ./graphs/LaredoTable.jpeg>
Package pdftex.def Info: ./graphs/LaredoTable.jpeg used on input line 248.
(pdftex.def)             Requested size: 375.80544pt x 42.36703pt.
 [9 <./graphs/Laredo.jpeg> <./graphs/Laredopic.jpg> <./graphs/LaredoTable.jpeg>
]
<./graphs/RioGrandeValley.jpeg, id=149, 1860.9525pt x 997.7275pt>
File: ./graphs/RioGrandeValley.jpeg Graphic file (type jpg)

<use ./graphs/RioGrandeValley.jpeg>
Package pdftex.def Info: ./graphs/RioGrandeValley.jpeg used on input line 258.
(pdftex.def)             Requested size: 455.24165pt x 227.61516pt.

Underfull \hbox (badness 10000) in paragraph at lines 261--262

 []

<./graphs/RioGrandepic.jpg, id=150, 1204.5pt x 660.4675pt>
File: ./graphs/RioGrandepic.jpg Graphic file (type jpg)

<use ./graphs/RioGrandepic.jpg>
Package pdftex.def Info: ./graphs/RioGrandepic.jpg used on input line 265.
(pdftex.def)             Requested size: 312.97882pt x 113.80983pt.

<./graphs/RioGrandeValleyTable.jpeg, id=151, 1772.6225pt x 196.735pt>
File: ./graphs/RioGrandeValleyTable.jpeg Graphic file (type jpg)

<use ./graphs/RioGrandeValleyTable.jpeg>
Package pdftex.def Info: ./graphs/RioGrandeValleyTable.jpeg used on input line 
271.
(pdftex.def)             Requested size: 375.80544pt x 41.70882pt.
 [10 <./graphs/RioGrandeValley.jpeg> <./graphs/RioGrandepic.jpg> <./graphs/RioG
randeValleyTable.jpeg>]
<./graphs/SanDiego.jpeg, id=159, 1862.96pt x 1001.7425pt>
File: ./graphs/SanDiego.jpeg Graphic file (type jpg)

<use ./graphs/SanDiego.jpeg>
Package pdftex.def Info: ./graphs/SanDiego.jpeg used on input line 281.
(pdftex.def)             Requested size: 455.22107pt x 227.614pt.

Underfull \hbox (badness 10000) in paragraph at lines 284--285

 []

<./graphs/SanDiegopic.jpg, id=160, 1204.5pt x 602.25pt>
File: ./graphs/SanDiegopic.jpg Graphic file (type jpg)

<use ./graphs/SanDiegopic.jpg>
Package pdftex.def Info: ./graphs/SanDiegopic.jpg used on input line 288.
(pdftex.def)             Requested size: 312.97882pt x 113.80379pt.

<./graphs/SanDiegoTable.jpeg, id=161, 1782.66pt x 198.7425pt>
File: ./graphs/SanDiegoTable.jpeg Graphic file (type jpg)

<use ./graphs/SanDiegoTable.jpeg>
Package pdftex.def Info: ./graphs/SanDiegoTable.jpeg used on input line 294.
(pdftex.def)             Requested size: 375.80544pt x 41.89787pt.
 [11 <./graphs/SanDiego.jpeg> <./graphs/SanDiegopic.jpg> <./graphs/SanDiegoTabl
e.jpeg>]
<./graphs/Tucson.jpeg, id=170, 1858.945pt x 999.735pt>
File: ./graphs/Tucson.jpeg Graphic file (type jpg)

<use ./graphs/Tucson.jpeg>
Package pdftex.def Info: ./graphs/Tucson.jpeg used on input line 304.
(pdftex.def)             Requested size: 455.23277pt x 227.6155pt.

Underfull \hbox (badness 10000) in paragraph at lines 307--308

 []

<./graphs/Tucsonpic.jpg, id=171, 240.9pt x 161.403pt>
File: ./graphs/Tucsonpic.jpg Graphic file (type jpg)

<use ./graphs/Tucsonpic.jpg>
Package pdftex.def Info: ./graphs/Tucsonpic.jpg used on input line 311.
(pdftex.def)             Requested size: 313.01189pt x 113.81375pt.

<./graphs/TucsonTable.jpeg, id=172, 1838.87pt x 194.7275pt>
File: ./graphs/TucsonTable.jpeg Graphic file (type jpg)

<use ./graphs/TucsonTable.jpeg>
Package pdftex.def Info: ./graphs/TucsonTable.jpeg used on input line 317.
(pdftex.def)             Requested size: 375.80544pt x 39.79459pt.
 [12 <./graphs/Tucson.jpeg> <./graphs/Tucsonpic.jpg> <./graphs/TucsonTable.jpeg
>]
<./graphs/Yuma.jpeg, id=180, 1856.9375pt x 1003.75pt>
File: ./graphs/Yuma.jpeg Graphic file (type jpg)
 <use ./graphs/Yuma.jpeg>
Package pdftex.def Info: ./graphs/Yuma.jpeg used on input line 327.
(pdftex.def)             Requested size: 455.22285pt x 227.61066pt.

Underfull \hbox (badness 10000) in paragraph at lines 330--331

 []

<./graphs/Yumapic.jpg, id=181, 2007.5pt x 803.0pt>
File: ./graphs/Yumapic.jpg Graphic file (type jpg)
 <use ./graphs/Yumapic.jpg>
Package pdftex.def Info: ./graphs/Yumapic.jpg used on input line 334.
(pdftex.def)             Requested size: 312.96657pt x 113.80379pt.

<./graphs/YumaTable.jpeg, id=182, 1758.57pt x 196.735pt>
File: ./graphs/YumaTable.jpeg Graphic file (type jpg)

<use ./graphs/YumaTable.jpeg>
Package pdftex.def Info: ./graphs/YumaTable.jpeg used on input line 340.
(pdftex.def)             Requested size: 375.80544pt x 42.04202pt.
 [13 <./graphs/Yuma.jpeg> <./graphs/Yumapic.jpg> <./graphs/YumaTable.jpeg>] [14
]
Package atveryend Info: Empty hook `BeforeClearDocument' on input line 443.
 [15]
Package atveryend Info: Empty hook `AfterLastShipout' on input line 443.
 (./Shiny_App_Sweave.aux)
Package atveryend Info: Executing hook `AtVeryEndDocument' on input line 443.
Package atveryend Info: Executing hook `AtEndAfterFileList' on input line 443.
Package rerunfilecheck Info: File `Shiny_App_Sweave.out' has not changed.
(rerunfilecheck)             Checksum: CE966F4CA6ECBF3E778048E1AC557447;955.
Package atveryend Info: Empty hook `AtVeryVeryEnd' on input line 443.
 ) 
Here is how much of TeX's memory you used:
 7811 strings out of 492995
 114632 string characters out of 6132704
 198391 words of memory out of 5000000
 11133 multiletter control sequences out of 15000+600000
 27839 words of font info for 73 fonts, out of 8000000 for 9000
 1141 hyphenation exceptions out of 8191
 35i,6n,32p,688b,471s stack positions out of 5000i,500n,10000p,200000b,80000s
{/usr/local/texlive/2017/texmf-dist/fonts/enc/dvips/cm-super/cm-super-ts1.enc
}</usr/local/texlive/2017/texmf-dist/fonts/type1/public/amsfonts/cm/cmbx12.pfb>
</usr/local/texlive/2017/texmf-dist/fonts/type1/public/amsfonts/cm/cmr10.pfb></
usr/local/texlive/2017/texmf-dist/fonts/type1/public/amsfonts/cm/cmr12.pfb></us
r/local/texlive/2017/texmf-dist/fonts/type1/public/amsfonts/cm/cmr17.pfb></usr/
local/texlive/2017/texmf-dist/fonts/type1/public/amsfonts/cm/cmsltt10.pfb></usr
/local/texlive/2017/texmf-dist/fonts/type1/public/amsfonts/cm/cmtt10.pfb></usr/
local/texlive/2017/texmf-dist/fonts/type1/public/cm-super/sfst1000.pfb>
Output written on Shiny_App_Sweave.pdf (15 pages, 5363352 bytes).
PDF statistics:
 240 PDF objects out of 1000 (max. 8388607)
 184 compressed objects within 2 object streams
 61 named destinations out of 1000 (max. 500000)
 278 words of extra memory for PDF output out of 10000 (max. 10000000)

